{"/home/mk4111/FAC/1007/koala-roar/server/handler.js":{"path":"/home/mk4111/FAC/1007/koala-roar/server/handler.js","s":{"1":1,"2":1,"3":4,"4":4,"5":4,"6":4,"7":4,"8":4,"9":1,"10":1,"11":3,"12":1,"13":1,"14":2,"15":1,"16":1,"17":1,"18":0,"19":1,"20":1,"21":1,"22":0,"23":0,"24":0,"25":0,"26":0,"27":0,"28":0,"29":0,"30":0,"31":0},"b":{"1":[1,3],"2":[1,2],"3":[1,1],"4":[0,1],"5":[0,0],"6":[0,0]},"f":{"1":4,"2":0},"fnMap":{"1":{"name":"(anonymous_1)","line":3,"loc":{"start":{"line":3,"column":17},"end":{"line":3,"column":36}}},"2":{"name":"serveTest","line":27,"loc":{"start":{"line":27,"column":2},"end":{"line":27,"column":30}}}},"statementMap":{"1":{"start":{"line":1,"column":0},"end":{"line":1,"column":23}},"2":{"start":{"line":3,"column":0},"end":{"line":41,"column":2}},"3":{"start":{"line":5,"column":2},"end":{"line":5,"column":72}},"4":{"start":{"line":6,"column":2},"end":{"line":6,"column":74}},"5":{"start":{"line":7,"column":2},"end":{"line":7,"column":69}},"6":{"start":{"line":9,"column":2},"end":{"line":9,"column":20}},"7":{"start":{"line":10,"column":2},"end":{"line":10,"column":19}},"8":{"start":{"line":11,"column":2},"end":{"line":25,"column":3}},"9":{"start":{"line":12,"column":4},"end":{"line":12,"column":55}},"10":{"start":{"line":13,"column":4},"end":{"line":13,"column":19}},"11":{"start":{"line":14,"column":9},"end":{"line":25,"column":3}},"12":{"start":{"line":15,"column":4},"end":{"line":15,"column":54}},"13":{"start":{"line":16,"column":4},"end":{"line":16,"column":24}},"14":{"start":{"line":17,"column":9},"end":{"line":25,"column":3}},"15":{"start":{"line":18,"column":4},"end":{"line":18,"column":53}},"16":{"start":{"line":19,"column":4},"end":{"line":19,"column":21}},"17":{"start":{"line":20,"column":9},"end":{"line":25,"column":3}},"18":{"start":{"line":21,"column":4},"end":{"line":21,"column":24}},"19":{"start":{"line":23,"column":4},"end":{"line":23,"column":23}},"20":{"start":{"line":24,"column":4},"end":{"line":24,"column":14}},"21":{"start":{"line":27,"column":2},"end":{"line":40,"column":3}},"22":{"start":{"line":28,"column":4},"end":{"line":28,"column":75}},"23":{"start":{"line":29,"column":4},"end":{"line":29,"column":75}},"24":{"start":{"line":30,"column":4},"end":{"line":39,"column":5}},"25":{"start":{"line":31,"column":6},"end":{"line":31,"column":56}},"26":{"start":{"line":32,"column":6},"end":{"line":32,"column":31}},"27":{"start":{"line":33,"column":11},"end":{"line":39,"column":5}},"28":{"start":{"line":34,"column":6},"end":{"line":34,"column":62}},"29":{"start":{"line":35,"column":6},"end":{"line":35,"column":33}},"30":{"start":{"line":37,"column":6},"end":{"line":37,"column":62}},"31":{"start":{"line":38,"column":6},"end":{"line":38,"column":50}}},"branchMap":{"1":{"line":11,"type":"if","locations":[{"start":{"line":11,"column":2},"end":{"line":11,"column":2}},{"start":{"line":11,"column":2},"end":{"line":11,"column":2}}]},"2":{"line":14,"type":"if","locations":[{"start":{"line":14,"column":9},"end":{"line":14,"column":9}},{"start":{"line":14,"column":9},"end":{"line":14,"column":9}}]},"3":{"line":17,"type":"if","locations":[{"start":{"line":17,"column":9},"end":{"line":17,"column":9}},{"start":{"line":17,"column":9},"end":{"line":17,"column":9}}]},"4":{"line":20,"type":"if","locations":[{"start":{"line":20,"column":9},"end":{"line":20,"column":9}},{"start":{"line":20,"column":9},"end":{"line":20,"column":9}}]},"5":{"line":30,"type":"if","locations":[{"start":{"line":30,"column":4},"end":{"line":30,"column":4}},{"start":{"line":30,"column":4},"end":{"line":30,"column":4}}]},"6":{"line":33,"type":"if","locations":[{"start":{"line":33,"column":11},"end":{"line":33,"column":11}},{"start":{"line":33,"column":11},"end":{"line":33,"column":11}}]}}}}