TN:
SF:/home/mk4111/FAC/1007/koala-roar/server/handler.js
FN:3,(anonymous_1)
FN:27,serveTest
FNF:2
FNH:1
FNDA:4,(anonymous_1)
FNDA:0,serveTest
DA:1,1
DA:3,1
DA:5,4
DA:6,4
DA:7,4
DA:9,4
DA:10,4
DA:11,4
DA:12,1
DA:13,1
DA:14,3
DA:15,1
DA:16,1
DA:17,2
DA:18,1
DA:19,1
DA:20,1
DA:21,0
DA:23,1
DA:24,1
DA:27,1
DA:28,0
DA:29,0
DA:30,0
DA:31,0
DA:32,0
DA:33,0
DA:34,0
DA:35,0
DA:37,0
DA:38,0
LF:31
LH:20
BRDA:11,1,0,1
BRDA:11,1,1,3
BRDA:14,2,0,1
BRDA:14,2,1,2
BRDA:17,3,0,1
BRDA:17,3,1,1
BRDA:20,4,0,0
BRDA:20,4,1,1
BRDA:30,5,0,0
BRDA:30,5,1,0
BRDA:33,6,0,0
BRDA:33,6,1,0
BRF:12
BRH:7
end_of_record
